   Compiling hyper v0.14.17 (/home/hedge/src/hyper)
error: expected ident
   --> /home/hedge/src/hyper/src/proto/h1/role.rs:323:39
    |
323 | ...raceable", tracing_attributes_http::server_send(level = tracing::Level::TRACE, name = "Server::encode", skip = [dst, msg]))]
    |               ^^^^^^^^^^^^^^^^^^^^^^^^^^^^^^^^^^^^^^^^^^^^^^^^^^^^^^^^^^^^^^^^^^^^^^^^^^^^^^^^^^^^^^^^^^^^^^^^^^^^^^^^^^^^^^^
    |
    = note: this error originates in the attribute macro `tracing_attributes_http::server_send` (in Nightly builds, run with -Z macro-backtrace for more info)

error[E0046]: not all trait items implemented, missing: `encode`
   --> /home/hedge/src/hyper/src/proto/h1/role.rs:120:1
    |
120 | impl Http1Transaction for Server {
    | ^^^^^^^^^^^^^^^^^^^^^^^^^^^^^^^^ missing `encode` in implementation
    |
   ::: /home/hedge/src/hyper/src/proto/h1/mod.rs:40:5
    |
40  |     fn encode(enc: Encode<'_, Self::Outgoing>, dst: &mut Vec<u8>) -> crate::Result<Encoder>;
    |     ---------------------------------------------------------------------------------------- `encode` from trait

For more information about this error, try `rustc --explain E0046`.
error: could not compile `hyper` due to 2 previous errors
